# JRE version: Java(TM) SE Runtime Environment 18.9 (11.0.19+9) (build 11.0.19+9-LTS-224)
# Java VM: Java HotSpot(TM) 64-Bit Server VM 18.9 (11.0.19+9-LTS-224, mixed mode, tiered, compressed oops, g1 gc, windows-amd64)
Heap:
 garbage-first heap   total 98304K, used 9357K [0x00000000a0c00000, 0x0000000100000000)
  region size 1024K, 3 young (3072K), 1 survivors (1024K)
 Metaspace       used 20736K, capacity 21285K, committed 21504K, reserved 1069056K
  class space    used 2259K, capacity 2518K, committed 2560K, reserved 1048576K
GC Heap History (6 events):
Event: 1.618 GC heap before
{Heap before GC invocations=0 (full 0):
 garbage-first heap   total 98304K, used 18432K [0x00000000a0c00000, 0x0000000100000000)
  region size 1024K, 14 young (14336K), 0 survivors (0K)
 Metaspace       used 17957K, capacity 18438K, committed 18560K, reserved 1064960K
  class space    used 1909K, capacity 2124K, committed 2176K, reserved 1048576K
}
Event: 1.624 GC heap after
{Heap after GC invocations=1 (full 0):
 garbage-first heap   total 98304K, used 7707K [0x00000000a0c00000, 0x0000000100000000)
  region size 1024K, 2 young (2048K), 2 survivors (2048K)
 Metaspace       used 17957K, capacity 18438K, committed 18560K, reserved 1064960K
  class space    used 1909K, capacity 2124K, committed 2176K, reserved 1048576K
}
Event: 1.691 GC heap before
{Heap before GC invocations=1 (full 0):
 garbage-first heap   total 98304K, used 12827K [0x00000000a0c00000, 0x0000000100000000)
  region size 1024K, 7 young (7168K), 2 survivors (2048K)
 Metaspace       used 19090K, capacity 19631K, committed 19712K, reserved 1067008K
  class space    used 2050K, capacity 2288K, committed 2304K, reserved 1048576K
}
Event: 1.696 GC heap after
{Heap after GC invocations=2 (full 0):
 garbage-first heap   total 98304K, used 8172K [0x00000000a0c00000, 0x0000000100000000)
  region size 1024K, 1 young (1024K), 1 survivors (1024K)
 Metaspace       used 19090K, capacity 19631K, committed 19712K, reserved 1067008K
  class space    used 2050K, capacity 2288K, committed 2304K, reserved 1048576K
}
Event: 1.905 GC heap before
{Heap before GC invocations=2 (full 0):
 garbage-first heap   total 98304K, used 10220K [0x00000000a0c00000, 0x0000000100000000)
  region size 1024K, 4 young (4096K), 1 survivors (1024K)
 Metaspace       used 20645K, capacity 21130K, committed 21248K, reserved 1069056K
  class space    used 2250K, capacity 2488K, committed 2560K, reserved 1048576K
}
Event: 1.906 GC heap after
{Heap after GC invocations=3 (full 0):
 garbage-first heap   total 98304K, used 8333K [0x00000000a0c00000, 0x0000000100000000)
  region size 1024K, 1 young (1024K), 1 survivors (1024K)
 Metaspace       used 20645K, capacity 21130K, committed 21248K, reserved 1069056K
  class space    used 2250K, capacity 2488K, committed 2560K, reserved 1048576K
}

